Copyright 1986-2021 Xilinx, Inc. All Rights Reserved.
---------------------------------------------------------------------------------------------------
| Tool Version      : Vivado v.2021.2 (lin64) Build 3367213 Tue Oct 19 02:47:39 MDT 2021
| Date              : Fri Oct 14 20:59:03 2022
| Host              : carvouno3.ics.forth.gr running 64-bit AlmaLinux release 8.6 (Sky Tiger)
| Command           : report_clock_utilization -file design_1_wrapper_clock_utilization_routed.rpt
| Design            : design_1_wrapper
| Device            : xcku040-ffva1156
| Speed File        : -2  PRODUCTION 1.25 12-04-2018
| Temperature Grade : E
| Design State      : Routed
---------------------------------------------------------------------------------------------------

Clock Utilization Report

Table of Contents
-----------------
1. Clock Primitive Utilization
2. Global Clock Resources
3. Global Clock Source Details
4. Clock Regions : Clock Primitives
5. Clock Regions : Load Primitives
6. Clock Regions : Global Clock Summary
7. Clock Regions : Routing Resource Utilization
8. Device Cell Placement Summary for Global Clock g0
9. Device Cell Placement Summary for Global Clock g1
10. Device Cell Placement Summary for Global Clock g2
11. Device Cell Placement Summary for Global Clock g3
12. Device Cell Placement Summary for Global Clock g4
13. Clock Region Cell Placement per Global Clock: Region X2Y0
14. Clock Region Cell Placement per Global Clock: Region X3Y0
15. Clock Region Cell Placement per Global Clock: Region X2Y1
16. Clock Region Cell Placement per Global Clock: Region X3Y1
17. Clock Region Cell Placement per Global Clock: Region X1Y2
18. Clock Region Cell Placement per Global Clock: Region X2Y2

1. Clock Primitive Utilization
------------------------------

+------------+------+-----------+-----+--------------+--------+
| Type       | Used | Available | LOC | Clock Region | Pblock |
+------------+------+-----------+-----+--------------+--------+
| BUFGCE     |    5 |       240 |   0 |            0 |      0 |
| BUFGCE_DIV |    0 |        40 |   0 |            0 |      0 |
| BUFGCTRL   |    0 |        80 |   0 |            0 |      0 |
| BUFG_GT    |    0 |       120 |   0 |            0 |      0 |
| MMCM       |    1 |        10 |   0 |            0 |      0 |
| PLL        |    0 |        20 |   0 |            0 |      0 |
+------------+------+-----------+-----+--------------+--------+


2. Global Clock Resources
-------------------------

+-----------+-----------+-----------------+------------+---------------+--------------+------+-------------------+-------------------+-------------+-----------------+--------------+--------------------------------------------------------------------------------------------+----------------------------------------------------------------------+-------------------------------------------------------------+
| Global Id | Source Id | Driver Type/Pin | Constraint | Site          | Clock Region | Root | Clock Delay Group | Load Clock Region | Clock Loads | Non-Clock Loads | Clock Period | Clock                                                                                      | Driver Pin                                                           | Net                                                         |
+-----------+-----------+-----------------+------------+---------------+--------------+------+-------------------+-------------------+-------------+-----------------+--------------+--------------------------------------------------------------------------------------------+----------------------------------------------------------------------+-------------------------------------------------------------+
| g0        | src0      | BUFGCE/O        | None       | BUFGCE_X1Y48  | X2Y2         | X2Y1 |                   |                 6 |        4633 |               0 |        8.000 | clk_out1_design_1_clk_wiz_1_0                                                              | design_1_i/clk_wiz_1/inst/clkout1_buf/O                              | design_1_i/clk_wiz_1/inst/clk_out1                          |
| g1        | src1      | BUFGCE/O        | None       | BUFGCE_X0Y98  | X0Y4         | X2Y1 |                   |                 1 |         461 |               0 |       33.000 | dbg_hub/inst/BSCANID.u_xsdbm_id/SWITCH_N_EXT_BSCAN.bscan_inst/SERIES7_BSCAN.bscan_inst/TCK | dbg_hub/inst/BSCANID.u_xsdbm_id/SWITCH_N_EXT_BSCAN.u_bufg_icon_tck/O | dbg_hub/inst/BSCANID.u_xsdbm_id/itck_i                      |
| g2        | src2      | BUFGCE/O        | None       | BUFGCE_X0Y99  | X0Y4         | X2Y0 |                   |                 2 |         234 |               0 |       33.333 | design_1_i/mdm_1/U0/Use_E2.BSCAN_I/Use_E2.BSCANE2_I/DRCK                                   | design_1_i/mdm_1/U0/No_Dbg_Reg_Access.BUFG_DRCK/Using_FPGA.Native/O  | design_1_i/mdm_1/U0/No_Dbg_Reg_Access.BUFG_DRCK/Dbg_Clk_0   |
| g3        | src3      | BUFGCE/O        | None       | BUFGCE_X0Y119 | X0Y4         | X2Y0 |                   |                 1 |          38 |               1 |       33.333 | design_1_i/mdm_1/U0/Use_E2.BSCAN_I/Use_E2.BSCANE2_I/UPDATE                                 | design_1_i/mdm_1/U0/Use_E2.BSCAN_I/Dbg_Update_0_BUFG_inst/O          | design_1_i/mdm_1/U0/Use_E2.BSCAN_I/Dbg_Update_0_BUFGCE      |
| g4        | src4      | BUFGCE/O        | None       | BUFGCE_X1Y49  | X2Y2         | X2Y1 | n/a               |                 1 |           0 |               1 |        8.000 | clkfbout_design_1_clk_wiz_1_0                                                              | design_1_i/clk_wiz_1/inst/clkf_buf/O                                 | design_1_i/clk_wiz_1/inst/clkfbout_buf_design_1_clk_wiz_1_0 |
+-----------+-----------+-----------------+------------+---------------+--------------+------+-------------------+-------------------+-------------+-----------------+--------------+--------------------------------------------------------------------------------------------+----------------------------------------------------------------------+-------------------------------------------------------------+
* Clock Loads column represents the clock pin loads (pin count)
** Non-Clock Loads column represents the non-clock pin loads (pin count)


3. Global Clock Source Details
------------------------------

+-----------+-----------+---------------------+------------+------------------+--------------+-------------+-----------------+---------------------+--------------------------------------------------------------------------------------------+--------------------------------------------------------------------------------------------+----------------------------------------------------------------------+
| Source Id | Global Id | Driver Type/Pin     | Constraint | Site             | Clock Region | Clock Loads | Non-Clock Loads | Source Clock Period | Source Clock                                                                               | Driver Pin                                                                                 | Net                                                                  |
+-----------+-----------+---------------------+------------+------------------+--------------+-------------+-----------------+---------------------+--------------------------------------------------------------------------------------------+--------------------------------------------------------------------------------------------+----------------------------------------------------------------------+
| src0      | g0        | MMCME3_ADV/CLKOUT0  | None       | MMCME3_ADV_X1Y2  | X2Y2         |           1 |               0 |               8.000 | clk_out1_design_1_clk_wiz_1_0                                                              | design_1_i/clk_wiz_1/inst/mmcme3_adv_inst/CLKOUT0                                          | design_1_i/clk_wiz_1/inst/clk_out1_design_1_clk_wiz_1_0              |
| src1      | g1        | BSCANE2/TCK         | None       | CONFIG_SITE_X0Y0 | X3Y1         |           1 |               0 |              33.000 | dbg_hub/inst/BSCANID.u_xsdbm_id/SWITCH_N_EXT_BSCAN.bscan_inst/SERIES7_BSCAN.bscan_inst/TCK | dbg_hub/inst/BSCANID.u_xsdbm_id/SWITCH_N_EXT_BSCAN.bscan_inst/SERIES7_BSCAN.bscan_inst/TCK | dbg_hub/inst/BSCANID.u_xsdbm_id/SWITCH_N_EXT_BSCAN.bscan_inst/tck_bs |
| src2      | g2        | BSCANE2/DRCK        | None       | CONFIG_SITE_X0Y0 | X3Y1         |           1 |               0 |              33.333 | design_1_i/mdm_1/U0/Use_E2.BSCAN_I/Use_E2.BSCANE2_I/DRCK                                   | design_1_i/mdm_1/U0/Use_E2.BSCAN_I/Use_E2.BSCANE2_I/DRCK                                   | design_1_i/mdm_1/U0/Use_E2.BSCAN_I/DRCK                              |
| src3      | g3        | BSCANE2/UPDATE      | None       | CONFIG_SITE_X0Y0 | X3Y1         |           1 |               0 |              33.333 | design_1_i/mdm_1/U0/Use_E2.BSCAN_I/Use_E2.BSCANE2_I/UPDATE                                 | design_1_i/mdm_1/U0/Use_E2.BSCAN_I/Use_E2.BSCANE2_I/UPDATE                                 | design_1_i/mdm_1/U0/Use_E2.BSCAN_I/Dbg_Update_0                      |
| src4      | g4        | MMCME3_ADV/CLKFBOUT | None       | MMCME3_ADV_X1Y2  | X2Y2         |           1 |               0 |               8.000 | clkfbout_design_1_clk_wiz_1_0                                                              | design_1_i/clk_wiz_1/inst/mmcme3_adv_inst/CLKFBOUT                                         | design_1_i/clk_wiz_1/inst/clkfbout_design_1_clk_wiz_1_0              |
+-----------+-----------+---------------------+------------+------------------+--------------+-------------+-----------------+---------------------+--------------------------------------------------------------------------------------------+--------------------------------------------------------------------------------------------+----------------------------------------------------------------------+
* Clock Loads column represents the clock pin loads (pin count)
** Non-Clock Loads column represents the non-clock pin loads (pin count)


4. Clock Regions : Clock Primitives
-----------------------------------

+-------------------+---------------+---------------+---------------+---------------+---------------+---------------+---------------+
|                   |  Global Clock |     BUFGCE    |   BUFGCE_DIV  |    BUFGCTRL   |    BUFG_GT    |      MMCM     |      PLL      |
+-------------------+-------+-------+-------+-------+-------+-------+-------+-------+-------+-------+-------+-------+-------+-------+
| Clock Region Name | Used  | Avail | Used  | Avail | Used  | Avail | Used  | Avail | Used  | Avail | Used  | Avail | Used  | Avail |
+-------------------+-------+-------+-------+-------+-------+-------+-------+-------+-------+-------+-------+-------+-------+-------+
| X0Y0              |     0 |    24 |     0 |    24 |     0 |     4 |     0 |     8 |     0 |     0 |     0 |     1 |     0 |     2 |
| X1Y0              |     0 |    24 |     0 |     0 |     0 |     0 |     0 |     0 |     0 |     0 |     0 |     0 |     0 |     0 |
| X2Y0              |     3 |    24 |     0 |    24 |     0 |     4 |     0 |     8 |     0 |     0 |     0 |     1 |     0 |     2 |
| X3Y0              |     2 |    24 |     0 |     0 |     0 |     0 |     0 |     0 |     0 |    24 |     0 |     0 |     0 |     0 |
| X0Y1              |     0 |    24 |     0 |    24 |     0 |     4 |     0 |     8 |     0 |     0 |     0 |     1 |     0 |     2 |
| X1Y1              |     0 |    24 |     0 |     0 |     0 |     0 |     0 |     0 |     0 |     0 |     0 |     0 |     0 |     0 |
| X2Y1              |     2 |    24 |     0 |    24 |     0 |     4 |     0 |     8 |     0 |     0 |     0 |     1 |     0 |     2 |
| X3Y1              |     1 |    24 |     0 |     0 |     0 |     0 |     0 |     0 |     0 |    24 |     0 |     0 |     0 |     0 |
| X0Y2              |     0 |    24 |     0 |    24 |     0 |     4 |     0 |     8 |     0 |     0 |     0 |     1 |     0 |     2 |
| X1Y2              |     1 |    24 |     0 |     0 |     0 |     0 |     0 |     0 |     0 |     0 |     0 |     0 |     0 |     0 |
| X2Y2              |     4 |    24 |     2 |    24 |     0 |     4 |     0 |     8 |     0 |     0 |     1 |     1 |     0 |     2 |
| X3Y2              |     0 |    24 |     0 |     0 |     0 |     0 |     0 |     0 |     0 |    24 |     0 |     0 |     0 |     0 |
| X0Y3              |     0 |    24 |     0 |    24 |     0 |     4 |     0 |     8 |     0 |     0 |     0 |     1 |     0 |     2 |
| X1Y3              |     0 |    24 |     0 |     0 |     0 |     0 |     0 |     0 |     0 |     0 |     0 |     0 |     0 |     0 |
| X2Y3              |     0 |    24 |     0 |    24 |     0 |     4 |     0 |     8 |     0 |     0 |     0 |     1 |     0 |     2 |
| X3Y3              |     0 |    24 |     0 |     0 |     0 |     0 |     0 |     0 |     0 |    24 |     0 |     0 |     0 |     0 |
| X0Y4              |     0 |    24 |     3 |    24 |     0 |     4 |     0 |     8 |     0 |     0 |     0 |     1 |     0 |     2 |
| X1Y4              |     0 |    24 |     0 |     0 |     0 |     0 |     0 |     0 |     0 |     0 |     0 |     0 |     0 |     0 |
| X2Y4              |     0 |    24 |     0 |    24 |     0 |     4 |     0 |     8 |     0 |     0 |     0 |     1 |     0 |     2 |
| X3Y4              |     0 |    24 |     0 |     0 |     0 |     0 |     0 |     0 |     0 |    24 |     0 |     0 |     0 |     0 |
+-------------------+-------+-------+-------+-------+-------+-------+-------+-------+-------+-------+-------+-------+-------+-------+
* Global Clock column represents track count; while other columns represents cell counts


5. Clock Regions : Load Primitives
----------------------------------

+-------------------+------------------+------------------+------------------+------------------+------------------+------------------+------------------+
|                   |   Global Clock   |        FF        |      LUTRAM      |  Block RAM (18K) |        DSP       |        GT        |      HARD IP     |
+-------------------+--------+---------+--------+---------+--------+---------+--------+---------+--------+---------+--------+---------+--------+---------+
| Clock Region Name | Used   | Avail   | Used   | Avail   | Used   | Avail   | Used   | Avail   | Used   | Avail   | Used   | Avail   | Used   | Avail   |
+-------------------+--------+---------+--------+---------+--------+---------+--------+---------+--------+---------+--------+---------+--------+---------+
| X0Y0              |      0 |      24 |      0 |   23040 |      0 |    5760 |      0 |      72 |      0 |      96 |      0 |       0 |      0 |       0 |
| X1Y0              |      0 |      24 |      0 |   24000 |      0 |    6240 |      0 |      72 |      0 |      96 |      0 |       0 |      0 |       0 |
| X2Y0              |      3 |      24 |   2230 |   25920 |    277 |    7200 |     28 |      48 |      1 |     144 |      0 |       0 |      0 |       0 |
| X3Y0              |      2 |      24 |     54 |   24000 |      4 |    3360 |      0 |      48 |      0 |      48 |      0 |       4 |      0 |       1 |
| X0Y1              |      0 |      24 |      0 |   23040 |      0 |    5760 |      0 |      72 |      0 |      96 |      0 |       0 |      0 |       0 |
| X1Y1              |      0 |      24 |      0 |   24000 |      0 |    6240 |      0 |      72 |      0 |      96 |      0 |       0 |      0 |       0 |
| X2Y1              |      2 |      24 |   2555 |   25920 |     45 |    7200 |      0 |      48 |      0 |     144 |      0 |       0 |      0 |       0 |
| X3Y1              |      1 |      24 |     10 |   24000 |      0 |    3360 |      0 |      48 |      0 |      48 |      0 |       4 |      0 |       0 |
| X0Y2              |      0 |      24 |      0 |   23040 |      0 |    5760 |      0 |      72 |      0 |      96 |      0 |       0 |      0 |       0 |
| X1Y2              |      1 |      24 |      3 |   24000 |      0 |    6240 |      0 |      72 |      0 |      96 |      0 |       0 |      0 |       0 |
| X2Y2              |      4 |      24 |      3 |   25920 |      0 |    7200 |      0 |      48 |      0 |     144 |      0 |       0 |      0 |       0 |
| X3Y2              |      0 |      24 |      0 |   24000 |      0 |    3360 |      0 |      48 |      0 |      48 |      0 |       4 |      0 |       0 |
| X0Y3              |      0 |      24 |      0 |   23040 |      0 |    5760 |      0 |      72 |      0 |      96 |      0 |       0 |      0 |       0 |
| X1Y3              |      0 |      24 |      0 |   24000 |      0 |    6240 |      0 |      72 |      0 |      96 |      0 |       0 |      0 |       0 |
| X2Y3              |      0 |      24 |      0 |   25920 |      0 |    7200 |      0 |      48 |      0 |     144 |      0 |       0 |      0 |       0 |
| X3Y3              |      0 |      24 |      0 |   24000 |      0 |    3360 |      0 |      48 |      0 |      48 |      0 |       4 |      0 |       1 |
| X0Y4              |      0 |      24 |      0 |   23040 |      0 |    5760 |      0 |      72 |      0 |      96 |      0 |       0 |      0 |       0 |
| X1Y4              |      0 |      24 |      0 |   24000 |      0 |    6240 |      0 |      72 |      0 |      96 |      0 |       0 |      0 |       0 |
| X2Y4              |      0 |      24 |      0 |   25920 |      0 |    7200 |      0 |      48 |      0 |     144 |      0 |       0 |      0 |       0 |
| X3Y4              |      0 |      24 |      0 |   24000 |      0 |    3360 |      0 |      48 |      0 |      48 |      0 |       4 |      0 |       1 |
+-------------------+--------+---------+--------+---------+--------+---------+--------+---------+--------+---------+--------+---------+--------+---------+
* Global Clock column represents track count; while other columns represents cell counts


6. Clock Regions : Global Clock Summary
---------------------------------------

All Modules
+----+----+----+----+----+
|    | X0 | X1 | X2 | X3 |
+----+----+----+----+----+
| Y4 |  0 |  0 |  0 |  0 |
| Y3 |  0 |  0 |  0 |  0 |
| Y2 |  0 |  1 |  5 |  0 |
| Y1 |  0 |  0 |  5 |  1 |
| Y0 |  0 |  0 |  3 |  2 |
+----+----+----+----+----+


7. Clock Regions : Routing Resource Utilization
-----------------------------------------------

All Modules
+-------------------+----------------------+----------------------+----------------------+----------------------+
|                   |        HROUTES       |        HDISTRS       |        VROUTES       |        VDISTRS       |
+-------------------+------+-------+-------+------+-------+-------+------+-------+-------+------+-------+-------+
| Clock Region Name | Used | Avail | Util% | Used | Avail | Util% | Used | Avail | Util% | Used | Avail | Util% |
+-------------------+------+-------+-------+------+-------+-------+------+-------+-------+------+-------+-------+
| X0Y0              |    0 |    24 |  0.00 |    0 |    24 |  0.00 |    0 |    24 |  0.00 |    0 |    24 |  0.00 |
| X1Y0              |    0 |    24 |  0.00 |    0 |    24 |  0.00 |    0 |    24 |  0.00 |    0 |    24 |  0.00 |
| X2Y0              |    0 |    24 |  0.00 |    3 |    24 | 12.50 |    2 |    24 |  8.33 |    3 |    24 | 12.50 |
| X3Y0              |    0 |    24 |  0.00 |    2 |    24 |  8.33 |    0 |    24 |  0.00 |    0 |    24 |  0.00 |
| X0Y1              |    0 |    24 |  0.00 |    0 |    24 |  0.00 |    0 |    24 |  0.00 |    0 |    24 |  0.00 |
| X1Y1              |    0 |    24 |  0.00 |    0 |    24 |  0.00 |    0 |    24 |  0.00 |    0 |    24 |  0.00 |
| X2Y1              |    0 |    24 |  0.00 |    2 |    24 |  8.33 |    5 |    24 | 20.83 |    3 |    24 | 12.50 |
| X3Y1              |    0 |    24 |  0.00 |    1 |    24 |  4.17 |    0 |    24 |  0.00 |    0 |    24 |  0.00 |
| X0Y2              |    0 |    24 |  0.00 |    0 |    24 |  0.00 |    0 |    24 |  0.00 |    0 |    24 |  0.00 |
| X1Y2              |    0 |    24 |  0.00 |    1 |    24 |  4.17 |    0 |    24 |  0.00 |    0 |    24 |  0.00 |
| X2Y2              |    2 |    24 |  8.33 |    4 |    24 | 16.67 |    5 |    24 | 20.83 |    0 |    24 |  0.00 |
| X3Y2              |    0 |    24 |  0.00 |    0 |    24 |  0.00 |    0 |    24 |  0.00 |    0 |    24 |  0.00 |
| X0Y3              |    0 |    24 |  0.00 |    0 |    24 |  0.00 |    0 |    24 |  0.00 |    0 |    24 |  0.00 |
| X1Y3              |    0 |    24 |  0.00 |    0 |    24 |  0.00 |    0 |    24 |  0.00 |    0 |    24 |  0.00 |
| X2Y3              |    0 |    24 |  0.00 |    0 |    24 |  0.00 |    3 |    24 | 12.50 |    0 |    24 |  0.00 |
| X3Y3              |    0 |    24 |  0.00 |    0 |    24 |  0.00 |    0 |    24 |  0.00 |    0 |    24 |  0.00 |
| X0Y4              |    6 |    24 | 25.00 |    0 |    24 |  0.00 |    0 |    24 |  0.00 |    0 |    24 |  0.00 |
| X1Y4              |    6 |    24 | 25.00 |    0 |    24 |  0.00 |    0 |    24 |  0.00 |    0 |    24 |  0.00 |
| X2Y4              |    7 |    24 | 29.17 |    0 |    24 |  0.00 |    3 |    24 | 12.50 |    0 |    24 |  0.00 |
| X3Y4              |    0 |    24 |  0.00 |    0 |    24 |  0.00 |    0 |    24 |  0.00 |    0 |    24 |  0.00 |
+-------------------+------+-------+-------+------+-------+-------+------+-------+-------+------+-------+-------+


8. Device Cell Placement Summary for Global Clock g0
----------------------------------------------------

+-----------+-----------------+-------------------+-------------------------------+-------------+---------------+----------+-------------+----------+----------------+----------+------------------------------------+
| Global Id | Driver Type/Pin | Driver Region (D) | Clock                         | Period (ns) | Waveform (ns) | Root (R) | Slice Loads | IO Loads | Clocking Loads | GT Loads | Net                                |
+-----------+-----------------+-------------------+-------------------------------+-------------+---------------+----------+-------------+----------+----------------+----------+------------------------------------+
| g0        | BUFGCE/O        | X2Y2              | clk_out1_design_1_clk_wiz_1_0 |       8.000 | {0.000 4.000} | X2Y1     |        4463 |        0 |              0 |        0 | design_1_i/clk_wiz_1/inst/clk_out1 |
+-----------+-----------------+-------------------+-------------------------------+-------------+---------------+----------+-------------+----------+----------------+----------+------------------------------------+
* Slice Loads column represents load cell count of all cell types other than IO, GT and clock resources
** IO Loads column represents load cell count of IO types
*** Clocking Loads column represents load cell count that are clock resources (global clock buffer, MMCM, PLL, etc)
**** GT Loads column represents load cell count of GT types


+----+----+----+----------+-----+-----------------------+
|    | X0 | X1 | X2       | X3  | HORIZONTAL PROG DELAY |
+----+----+----+----------+-----+-----------------------+
| Y4 |  0 |  0 |        0 |   0 |                     - |
| Y3 |  0 |  0 |        0 |   0 |                     - |
| Y2 |  0 |  3 |    (D) 3 |   0 |                     1 |
| Y1 |  0 |  0 | (R) 2139 |  10 |                     1 |
| Y0 |  0 |  0 |     2278 |  30 |                     0 |
+----+----+----+----------+-----+-----------------------+


9. Device Cell Placement Summary for Global Clock g1
----------------------------------------------------

+-----------+-----------------+-------------------+--------------------------------------------------------------------------------------------+-------------+----------------+----------+-------------+----------+----------------+----------+----------------------------------------+
| Global Id | Driver Type/Pin | Driver Region (D) | Clock                                                                                      | Period (ns) | Waveform (ns)  | Root (R) | Slice Loads | IO Loads | Clocking Loads | GT Loads | Net                                    |
+-----------+-----------------+-------------------+--------------------------------------------------------------------------------------------+-------------+----------------+----------+-------------+----------+----------------+----------+----------------------------------------+
| g1        | BUFGCE/O        | X0Y4              | dbg_hub/inst/BSCANID.u_xsdbm_id/SWITCH_N_EXT_BSCAN.bscan_inst/SERIES7_BSCAN.bscan_inst/TCK |      33.000 | {0.000 16.500} | X2Y1     |         461 |        0 |              0 |        0 | dbg_hub/inst/BSCANID.u_xsdbm_id/itck_i |
+-----------+-----------------+-------------------+--------------------------------------------------------------------------------------------+-------------+----------------+----------+-------------+----------+----------------+----------+----------------------------------------+
* Slice Loads column represents load cell count of all cell types other than IO, GT and clock resources
** IO Loads column represents load cell count of IO types
*** Clocking Loads column represents load cell count that are clock resources (global clock buffer, MMCM, PLL, etc)
**** GT Loads column represents load cell count of GT types


+----+--------+----+---------+----+-----------------------+
|    | X0     | X1 | X2      | X3 | HORIZONTAL PROG DELAY |
+----+--------+----+---------+----+-----------------------+
| Y4 |  (D) 0 |  0 |       0 |  0 |                     - |
| Y3 |      0 |  0 |       0 |  0 |                     - |
| Y2 |      0 |  0 |       0 |  0 |                     - |
| Y1 |      0 |  0 | (R) 461 |  0 |                     0 |
| Y0 |      0 |  0 |       0 |  0 |                     - |
+----+--------+----+---------+----+-----------------------+


10. Device Cell Placement Summary for Global Clock g2
-----------------------------------------------------

+-----------+-----------------+-------------------+----------------------------------------------------------+-------------+----------------+----------+-------------+----------+----------------+----------+-----------------------------------------------------------+
| Global Id | Driver Type/Pin | Driver Region (D) | Clock                                                    | Period (ns) | Waveform (ns)  | Root (R) | Slice Loads | IO Loads | Clocking Loads | GT Loads | Net                                                       |
+-----------+-----------------+-------------------+----------------------------------------------------------+-------------+----------------+----------+-------------+----------+----------------+----------+-----------------------------------------------------------+
| g2        | BUFGCE/O        | X0Y4              | design_1_i/mdm_1/U0/Use_E2.BSCAN_I/Use_E2.BSCANE2_I/DRCK |      33.333 | {0.000 16.667} | X2Y0     |         234 |        0 |              0 |        0 | design_1_i/mdm_1/U0/No_Dbg_Reg_Access.BUFG_DRCK/Dbg_Clk_0 |
+-----------+-----------------+-------------------+----------------------------------------------------------+-------------+----------------+----------+-------------+----------+----------------+----------+-----------------------------------------------------------+
* Slice Loads column represents load cell count of all cell types other than IO, GT and clock resources
** IO Loads column represents load cell count of IO types
*** Clocking Loads column represents load cell count that are clock resources (global clock buffer, MMCM, PLL, etc)
**** GT Loads column represents load cell count of GT types


+----+--------+----+---------+-----+-----------------------+
|    | X0     | X1 | X2      | X3  | HORIZONTAL PROG DELAY |
+----+--------+----+---------+-----+-----------------------+
| Y4 |  (D) 0 |  0 |       0 |   0 |                     - |
| Y3 |      0 |  0 |       0 |   0 |                     - |
| Y2 |      0 |  0 |       0 |   0 |                     - |
| Y1 |      0 |  0 |       0 |   0 |                     - |
| Y0 |      0 |  0 | (R) 206 |  28 |                     0 |
+----+--------+----+---------+-----+-----------------------+


11. Device Cell Placement Summary for Global Clock g3
-----------------------------------------------------

+-----------+-----------------+-------------------+------------------------------------------------------------+-------------+----------------+----------+-------------+----------+----------------+----------+--------------------------------------------------------+
| Global Id | Driver Type/Pin | Driver Region (D) | Clock                                                      | Period (ns) | Waveform (ns)  | Root (R) | Slice Loads | IO Loads | Clocking Loads | GT Loads | Net                                                    |
+-----------+-----------------+-------------------+------------------------------------------------------------+-------------+----------------+----------+-------------+----------+----------------+----------+--------------------------------------------------------+
| g3        | BUFGCE/O        | X0Y4              | design_1_i/mdm_1/U0/Use_E2.BSCAN_I/Use_E2.BSCANE2_I/UPDATE |      33.333 | {0.000 16.667} | X2Y0     |          39 |        0 |              0 |        0 | design_1_i/mdm_1/U0/Use_E2.BSCAN_I/Dbg_Update_0_BUFGCE |
+-----------+-----------------+-------------------+------------------------------------------------------------+-------------+----------------+----------+-------------+----------+----------------+----------+--------------------------------------------------------+
* Slice Loads column represents load cell count of all cell types other than IO, GT and clock resources
** IO Loads column represents load cell count of IO types
*** Clocking Loads column represents load cell count that are clock resources (global clock buffer, MMCM, PLL, etc)
**** GT Loads column represents load cell count of GT types


+----+--------+----+--------+----+-----------------------+
|    | X0     | X1 | X2     | X3 | HORIZONTAL PROG DELAY |
+----+--------+----+--------+----+-----------------------+
| Y4 |  (D) 0 |  0 |      0 |  0 |                     - |
| Y3 |      0 |  0 |      0 |  0 |                     - |
| Y2 |      0 |  0 |      0 |  0 |                     - |
| Y1 |      0 |  0 |      0 |  0 |                     - |
| Y0 |      0 |  0 | (R) 39 |  0 |                     0 |
+----+--------+----+--------+----+-----------------------+


12. Device Cell Placement Summary for Global Clock g4
-----------------------------------------------------

+-----------+-----------------+-------------------+-------------------------------+-------------+---------------+----------+-------------+----------+----------------+----------+-------------------------------------------------------------+
| Global Id | Driver Type/Pin | Driver Region (D) | Clock                         | Period (ns) | Waveform (ns) | Root (R) | Slice Loads | IO Loads | Clocking Loads | GT Loads | Net                                                         |
+-----------+-----------------+-------------------+-------------------------------+-------------+---------------+----------+-------------+----------+----------------+----------+-------------------------------------------------------------+
| g4        | BUFGCE/O        | X2Y2              | clkfbout_design_1_clk_wiz_1_0 |       8.000 | {0.000 4.000} | X2Y1     |           0 |        0 |              1 |        0 | design_1_i/clk_wiz_1/inst/clkfbout_buf_design_1_clk_wiz_1_0 |
+-----------+-----------------+-------------------+-------------------------------+-------------+---------------+----------+-------------+----------+----------------+----------+-------------------------------------------------------------+
* Slice Loads column represents load cell count of all cell types other than IO, GT and clock resources
** IO Loads column represents load cell count of IO types
*** Clocking Loads column represents load cell count that are clock resources (global clock buffer, MMCM, PLL, etc)
**** GT Loads column represents load cell count of GT types


+----+----+----+--------+----+-----------------------+
|    | X0 | X1 | X2     | X3 | HORIZONTAL PROG DELAY |
+----+----+----+--------+----+-----------------------+
| Y4 |  0 |  0 |      0 |  0 |                     - |
| Y3 |  0 |  0 |      0 |  0 |                     - |
| Y2 |  0 |  0 |  (D) 1 |  0 |                     1 |
| Y1 |  0 |  0 |  (R) 0 |  0 |                     - |
| Y0 |  0 |  0 |      0 |  0 |                     - |
+----+----+----+--------+----+-----------------------+


13. Clock Region Cell Placement per Global Clock: Region X2Y0
-------------------------------------------------------------

+-----------+-------+-----------------+------------+-------------+-----------------+------+-------------+------+-----+----+------+-----+---------+-----------------------------------------------------------+
| Global Id | Track | Driver Type/Pin | Constraint | Clock Loads | Non-Clock Loads | FF   | Memory LUTs | RAMB | DSP | GT | MMCM | PLL | Hard IP | Net                                                       |
+-----------+-------+-----------------+------------+-------------+-----------------+------+-------------+------+-----+----+------+-----+---------+-----------------------------------------------------------+
| g0        | 0     | BUFGCE/O        | None       |        2278 |               0 | 2006 |         257 |   14 |   1 |  0 |    0 |   0 |       0 | design_1_i/clk_wiz_1/inst/clk_out1                        |
| g2        | 3     | BUFGCE/O        | None       |         206 |               0 |  186 |          20 |    0 |   0 |  0 |    0 |   0 |       0 | design_1_i/mdm_1/U0/No_Dbg_Reg_Access.BUFG_DRCK/Dbg_Clk_0 |
| g3        | 23    | BUFGCE/O        | None       |          38 |               1 |   38 |           0 |    0 |   0 |  0 |    0 |   0 |       0 | design_1_i/mdm_1/U0/Use_E2.BSCAN_I/Dbg_Update_0_BUFGCE    |
+-----------+-------+-----------------+------------+-------------+-----------------+------+-------------+------+-----+----+------+-----+---------+-----------------------------------------------------------+
* Clock Loads column represents the clock pin loads (pin count)
** Non-Clock Loads column represents the non-clock pin loads (pin count)
*** Columns FF, LUTRAM, RAMB through 'Hard IP' represents load cell counts


14. Clock Region Cell Placement per Global Clock: Region X3Y0
-------------------------------------------------------------

+-----------+-------+-----------------+------------+-------------+-----------------+----+-------------+------+-----+----+------+-----+---------+-----------------------------------------------------------+
| Global Id | Track | Driver Type/Pin | Constraint | Clock Loads | Non-Clock Loads | FF | Memory LUTs | RAMB | DSP | GT | MMCM | PLL | Hard IP | Net                                                       |
+-----------+-------+-----------------+------------+-------------+-----------------+----+-------------+------+-----+----+------+-----+---------+-----------------------------------------------------------+
| g0        | 0     | BUFGCE/O        | None       |          30 |               0 | 29 |           1 |    0 |   0 |  0 |    0 |   0 |       0 | design_1_i/clk_wiz_1/inst/clk_out1                        |
| g2        | 3     | BUFGCE/O        | None       |          28 |               0 | 25 |           3 |    0 |   0 |  0 |    0 |   0 |       0 | design_1_i/mdm_1/U0/No_Dbg_Reg_Access.BUFG_DRCK/Dbg_Clk_0 |
+-----------+-------+-----------------+------------+-------------+-----------------+----+-------------+------+-----+----+------+-----+---------+-----------------------------------------------------------+
* Clock Loads column represents the clock pin loads (pin count)
** Non-Clock Loads column represents the non-clock pin loads (pin count)
*** Columns FF, LUTRAM, RAMB through 'Hard IP' represents load cell counts


15. Clock Region Cell Placement per Global Clock: Region X2Y1
-------------------------------------------------------------

+-----------+-------+-----------------+------------+-------------+-----------------+------+-------------+------+-----+----+------+-----+---------+-------------------------------------------------------------+
| Global Id | Track | Driver Type/Pin | Constraint | Clock Loads | Non-Clock Loads | FF   | Memory LUTs | RAMB | DSP | GT | MMCM | PLL | Hard IP | Net                                                         |
+-----------+-------+-----------------+------------+-------------+-----------------+------+-------------+------+-----+----+------+-----+---------+-------------------------------------------------------------+
| g0        | 0     | BUFGCE/O        | None       |        2139 |               0 | 2097 |          42 |    0 |   0 |  0 |    0 |   0 |       0 | design_1_i/clk_wiz_1/inst/clk_out1                          |
| g1        | 2     | BUFGCE/O        | None       |         461 |               0 |  458 |           3 |    0 |   0 |  0 |    0 |   0 |       0 | dbg_hub/inst/BSCANID.u_xsdbm_id/itck_i                      |
| g2+       | 3     | BUFGCE/O        | None       |           0 |               0 |    0 |           0 |    0 |   0 |  0 |    0 |   0 |       0 | design_1_i/mdm_1/U0/No_Dbg_Reg_Access.BUFG_DRCK/Dbg_Clk_0   |
| g3+       | 23    | BUFGCE/O        | None       |           0 |               0 |    0 |           0 |    0 |   0 |  0 |    0 |   0 |       0 | design_1_i/mdm_1/U0/Use_E2.BSCAN_I/Dbg_Update_0_BUFGCE      |
| g4+       | 1     | BUFGCE/O        | None       |           0 |               0 |    0 |           0 |    0 |   0 |  0 |    0 |   0 |       0 | design_1_i/clk_wiz_1/inst/clkfbout_buf_design_1_clk_wiz_1_0 |
+-----------+-------+-----------------+------------+-------------+-----------------+------+-------------+------+-----+----+------+-----+---------+-------------------------------------------------------------+
* Clock Loads column represents the clock pin loads (pin count)
** Non-Clock Loads column represents the non-clock pin loads (pin count)
*** Columns FF, LUTRAM, RAMB through 'Hard IP' represents load cell counts
**** In Global Id column, sympbol '+' indicates that global clock was used only to route through the clock region.


16. Clock Region Cell Placement per Global Clock: Region X3Y1
-------------------------------------------------------------

+-----------+-------+-----------------+------------+-------------+-----------------+----+-------------+------+-----+----+------+-----+---------+------------------------------------+
| Global Id | Track | Driver Type/Pin | Constraint | Clock Loads | Non-Clock Loads | FF | Memory LUTs | RAMB | DSP | GT | MMCM | PLL | Hard IP | Net                                |
+-----------+-------+-----------------+------------+-------------+-----------------+----+-------------+------+-----+----+------+-----+---------+------------------------------------+
| g0        | 0     | BUFGCE/O        | None       |          10 |               0 | 10 |           0 |    0 |   0 |  0 |    0 |   0 |       0 | design_1_i/clk_wiz_1/inst/clk_out1 |
+-----------+-------+-----------------+------------+-------------+-----------------+----+-------------+------+-----+----+------+-----+---------+------------------------------------+
* Clock Loads column represents the clock pin loads (pin count)
** Non-Clock Loads column represents the non-clock pin loads (pin count)
*** Columns FF, LUTRAM, RAMB through 'Hard IP' represents load cell counts


17. Clock Region Cell Placement per Global Clock: Region X1Y2
-------------------------------------------------------------

+-----------+-------+-----------------+------------+-------------+-----------------+----+-------------+------+-----+----+------+-----+---------+------------------------------------+
| Global Id | Track | Driver Type/Pin | Constraint | Clock Loads | Non-Clock Loads | FF | Memory LUTs | RAMB | DSP | GT | MMCM | PLL | Hard IP | Net                                |
+-----------+-------+-----------------+------------+-------------+-----------------+----+-------------+------+-----+----+------+-----+---------+------------------------------------+
| g0        | 0     | BUFGCE/O        | None       |           3 |               0 |  3 |           0 |    0 |   0 |  0 |    0 |   0 |       0 | design_1_i/clk_wiz_1/inst/clk_out1 |
+-----------+-------+-----------------+------------+-------------+-----------------+----+-------------+------+-----+----+------+-----+---------+------------------------------------+
* Clock Loads column represents the clock pin loads (pin count)
** Non-Clock Loads column represents the non-clock pin loads (pin count)
*** Columns FF, LUTRAM, RAMB through 'Hard IP' represents load cell counts


18. Clock Region Cell Placement per Global Clock: Region X2Y2
-------------------------------------------------------------

+-----------+-------+-----------------+------------+-------------+-----------------+----+-------------+------+-----+----+------+-----+---------+-------------------------------------------------------------+
| Global Id | Track | Driver Type/Pin | Constraint | Clock Loads | Non-Clock Loads | FF | Memory LUTs | RAMB | DSP | GT | MMCM | PLL | Hard IP | Net                                                         |
+-----------+-------+-----------------+------------+-------------+-----------------+----+-------------+------+-----+----+------+-----+---------+-------------------------------------------------------------+
| g0        | 0     | BUFGCE/O        | None       |           3 |               0 |  3 |           0 |    0 |   0 |  0 |    0 |   0 |       0 | design_1_i/clk_wiz_1/inst/clk_out1                          |
| g1+       | 2     | BUFGCE/O        | None       |           0 |               0 |  0 |           0 |    0 |   0 |  0 |    0 |   0 |       0 | dbg_hub/inst/BSCANID.u_xsdbm_id/itck_i                      |
| g2+       | 3     | BUFGCE/O        | None       |           0 |               0 |  0 |           0 |    0 |   0 |  0 |    0 |   0 |       0 | design_1_i/mdm_1/U0/No_Dbg_Reg_Access.BUFG_DRCK/Dbg_Clk_0   |
| g3+       | 23    | BUFGCE/O        | None       |           0 |               0 |  0 |           0 |    0 |   0 |  0 |    0 |   0 |       0 | design_1_i/mdm_1/U0/Use_E2.BSCAN_I/Dbg_Update_0_BUFGCE      |
| g4        | 1     | BUFGCE/O        | None       |           0 |               1 |  0 |           0 |    0 |   0 |  0 |    1 |   0 |       0 | design_1_i/clk_wiz_1/inst/clkfbout_buf_design_1_clk_wiz_1_0 |
+-----------+-------+-----------------+------------+-------------+-----------------+----+-------------+------+-----+----+------+-----+---------+-------------------------------------------------------------+
* Clock Loads column represents the clock pin loads (pin count)
** Non-Clock Loads column represents the non-clock pin loads (pin count)
*** Columns FF, LUTRAM, RAMB through 'Hard IP' represents load cell counts
**** In Global Id column, sympbol '+' indicates that global clock was used only to route through the clock region.


